<?xml version="1.0" encoding="UTF-8"?>
<robot generator="Robot 5.0.1 (Python 3.8.5 on darwin)" generated="20230226 22:51:39.860" rpa="false" schemaversion="3">
<suite id="s1" name="Whatsapp VideoCall" source="/Volumes/bipin/macbkp/project/Features/Whatsapp_VideoCall.robot">
<kw name="Begin 2 Mobiles for Test" library="Common" type="SETUP">
<arg>${D2}</arg>
<arg>${D1}</arg>
<doc>Its setup keyowrd which take phone argument. Default variables are taken from
properties file.</doc>
<kw name="start apps" library="Common">
<arg>${device1}</arg>
<kw name="Print Message" library="utils">
<arg>Launching App freshly on ${phone.name} ${phone.version}</arg>
<kw name="Run Keyword If" library="BuiltIn">
<arg>"${log_level}" == "DEBUG"</arg>
<arg>compose message with timestamp</arg>
<arg>${msg}</arg>
<doc>Runs the given keyword with the given arguments, if ``condition`` is true.</doc>
<kw name="compose message with timestamp" library="utils">
<arg>${msg}</arg>
<kw name="Get Current Date" library="DateTime">
<var>${time}</var>
<arg>result_format=datetime</arg>
<doc>Returns current local or UTC time with an optional increment.</doc>
<msg timestamp="20230226 22:51:40.196" level="INFO">${time} = 2023-02-26 22:51:40.196195</msg>
<status status="PASS" starttime="20230226 22:51:40.196" endtime="20230226 22:51:40.196"/>
</kw>
<kw name="Log To Console" library="BuiltIn">
<arg>${\n}${time}***** ${msg} *****</arg>
<doc>Logs the given message to the console.</doc>
<status status="PASS" starttime="20230226 22:51:40.196" endtime="20230226 22:51:40.197"/>
</kw>
<status status="PASS" starttime="20230226 22:51:40.196" endtime="20230226 22:51:40.197"/>
</kw>
<status status="PASS" starttime="20230226 22:51:40.195" endtime="20230226 22:51:40.197"/>
</kw>
<status status="PASS" starttime="20230226 22:51:40.194" endtime="20230226 22:51:40.197"/>
</kw>
<if>
<branch type="IF" condition="'${setup}' == 'cloud_env'">
<kw name="Launch Application On LambdaTest" library="app_launcher">
<arg>${phone}</arg>
<status status="NOT RUN" starttime="20230226 22:51:40.197" endtime="20230226 22:51:40.197"/>
</kw>
<status status="NOT RUN" starttime="20230226 22:51:40.197" endtime="20230226 22:51:40.197"/>
</branch>
<branch type="ELSE">
<kw name="Launch Application On Local Device" library="app_launcher">
<arg>${phone}</arg>
<kw name="Start Appium Server" library="Common">
<arg>${phone}</arg>
<kw name="Print Message" library="utils">
<arg>Starting Appium Server on port ${phone.port}</arg>
<kw name="Run Keyword If" library="BuiltIn">
<arg>"${log_level}" == "DEBUG"</arg>
<arg>compose message with timestamp</arg>
<arg>${msg}</arg>
<doc>Runs the given keyword with the given arguments, if ``condition`` is true.</doc>
<kw name="compose message with timestamp" library="utils">
<arg>${msg}</arg>
<kw name="Get Current Date" library="DateTime">
<var>${time}</var>
<arg>result_format=datetime</arg>
<doc>Returns current local or UTC time with an optional increment.</doc>
<msg timestamp="20230226 22:51:40.199" level="INFO">${time} = 2023-02-26 22:51:40.199397</msg>
<status status="PASS" starttime="20230226 22:51:40.199" endtime="20230226 22:51:40.199"/>
</kw>
<kw name="Log To Console" library="BuiltIn">
<arg>${\n}${time}***** ${msg} *****</arg>
<doc>Logs the given message to the console.</doc>
<status status="PASS" starttime="20230226 22:51:40.200" endtime="20230226 22:51:40.200"/>
</kw>
<status status="PASS" starttime="20230226 22:51:40.199" endtime="20230226 22:51:40.200"/>
</kw>
<status status="PASS" starttime="20230226 22:51:40.199" endtime="20230226 22:51:40.200"/>
</kw>
<status status="PASS" starttime="20230226 22:51:40.198" endtime="20230226 22:51:40.200"/>
</kw>
<kw name="Start Process" library="Process">
<arg>${start_appium_cmd} ${phone.port}</arg>
<arg>shell=True</arg>
<arg>alias=appiumserver</arg>
<arg>stdout=${stdout_file}</arg>
<arg>stderr=${stderror_file}</arg>
<doc>Starts a new process on background.</doc>
<msg timestamp="20230226 22:51:40.202" level="INFO">Starting process:
/usr/local/bin/appium -a 127.0.0.1 -p 4723</msg>
<msg timestamp="20230226 22:51:40.202" level="DEBUG">Process configuration:
cwd:     /Volumes/bipin/macbkp/project
shell:   True
stdout:  /Volumes/bipin/macbkp/project/Report/appium_stdout.txt
stderr:  /Volumes/bipin/macbkp/project/Report/appium_stdout.txt
stdin:   PIPE
alias:   appiumserver
env:     None</msg>
<status status="PASS" starttime="20230226 22:51:40.200" endtime="20230226 22:51:40.206"/>
</kw>
<kw name="Process Should Be Running" library="Process">
<arg>appiumserver</arg>
<doc>Verifies that the process is running.</doc>
<status status="PASS" starttime="20230226 22:51:40.207" endtime="20230226 22:51:40.207"/>
</kw>
<kw name="Sleep" library="BuiltIn">
<arg>5s</arg>
<doc>Pauses the test executed for the given time.</doc>
<msg timestamp="20230226 22:51:45.210" level="INFO">Slept 5 seconds</msg>
<status status="PASS" starttime="20230226 22:51:40.207" endtime="20230226 22:51:45.211"/>
</kw>
<status status="PASS" starttime="20230226 22:51:40.198" endtime="20230226 22:51:45.211"/>
</kw>
<kw name="Open Application" library="AppiumLibrary">
<arg>http://127.0.0.1:${phone.port}/wd/hub</arg>
<arg>alias=${phone.name}</arg>
<arg>deviceName=${phone.name}</arg>
<arg>platformName=${phone.platformName}</arg>
<arg>platformVersion=${phone.version}</arg>
<arg>appActivity=${apk_info.activity}</arg>
<arg>appPackage=${apk_info.pkg}</arg>
<arg>noReset=${no_reset}</arg>
<arg>newCommandTimeout=600</arg>
<arg>automationName=UiAutomator2</arg>
<arg>unicodeKeyboard=true</arg>
<arg>resetKeyboard=true</arg>
<doc>Opens a new application to given Appium server.
Capabilities of appium server, Android and iOS,
Please check https://github.com/appium/appium/blob/master/docs/en/writing-running-appium/server-args.md
| *Option*            | *Man.* | *Description*     |
| remote_url          | Yes    | Appium server url |
| alias               | no     | alias             |</doc>
<msg timestamp="20230226 22:51:45.225" level="DEBUG">POST http://127.0.0.1:4723/wd/hub/session {"capabilities": {"firstMatch": [{"appium:deviceName": "A20", "platformName": "android", "appium:platformVersion": "11", "appium:appActivity": "com.whatsapp.HomeActivity", "appium:appPackage": "com.whatsapp", "appium:noReset": "true", "appium:newCommandTimeout": "600", "appium:automationName": "UiAutomator2", "appium:unicodeKeyboard": "true", "appium:resetKeyboard": "true"}]}, "desiredCapabilities": {"deviceName": "A20", "platformName": "android", "platformVersion": "11", "appActivity": "com.whatsapp.HomeActivity", "appPackage": "com.whatsapp", "noReset": "true", "newCommandTimeout": "600", "automationName": "UiAutomator2", "unicodeKeyboard": "true", "resetKeyboard": "true"}}</msg>
<msg timestamp="20230226 22:51:45.226" level="DEBUG">Starting new HTTP connection (1): 127.0.0.1:4723</msg>
<msg timestamp="20230226 22:51:54.610" level="DEBUG">http://127.0.0.1:4723 "POST /wd/hub/session HTTP/1.1" 200 1054</msg>
<msg timestamp="20230226 22:51:54.611" level="DEBUG">Finished Request</msg>
<msg timestamp="20230226 22:51:54.613" level="DEBUG">Opened application with session id 2aac8fc0-a086-4178-98f6-71e2fc3dc02f</msg>
<status status="PASS" starttime="20230226 22:51:45.212" endtime="20230226 22:51:54.613"/>
</kw>
<status status="PASS" starttime="20230226 22:51:40.197" endtime="20230226 22:51:54.614"/>
</kw>
<status status="PASS" starttime="20230226 22:51:40.197" endtime="20230226 22:51:54.614"/>
</branch>
<status status="PASS" starttime="20230226 22:51:40.197" endtime="20230226 22:51:54.614"/>
</if>
<status status="PASS" starttime="20230226 22:51:40.194" endtime="20230226 22:51:54.614"/>
</kw>
<kw name="start apps" library="Common">
<arg>${device2}</arg>
<kw name="Print Message" library="utils">
<arg>Launching App freshly on ${phone.name} ${phone.version}</arg>
<kw name="Run Keyword If" library="BuiltIn">
<arg>"${log_level}" == "DEBUG"</arg>
<arg>compose message with timestamp</arg>
<arg>${msg}</arg>
<doc>Runs the given keyword with the given arguments, if ``condition`` is true.</doc>
<kw name="compose message with timestamp" library="utils">
<arg>${msg}</arg>
<kw name="Get Current Date" library="DateTime">
<var>${time}</var>
<arg>result_format=datetime</arg>
<doc>Returns current local or UTC time with an optional increment.</doc>
<msg timestamp="20230226 22:51:54.617" level="INFO">${time} = 2023-02-26 22:51:54.617074</msg>
<status status="PASS" starttime="20230226 22:51:54.617" endtime="20230226 22:51:54.617"/>
</kw>
<kw name="Log To Console" library="BuiltIn">
<arg>${\n}${time}***** ${msg} *****</arg>
<doc>Logs the given message to the console.</doc>
<status status="PASS" starttime="20230226 22:51:54.617" endtime="20230226 22:51:54.618"/>
</kw>
<status status="PASS" starttime="20230226 22:51:54.616" endtime="20230226 22:51:54.618"/>
</kw>
<status status="PASS" starttime="20230226 22:51:54.616" endtime="20230226 22:51:54.618"/>
</kw>
<status status="PASS" starttime="20230226 22:51:54.614" endtime="20230226 22:51:54.618"/>
</kw>
<if>
<branch type="IF" condition="'${setup}' == 'cloud_env'">
<kw name="Launch Application On LambdaTest" library="app_launcher">
<arg>${phone}</arg>
<status status="NOT RUN" starttime="20230226 22:51:54.618" endtime="20230226 22:51:54.618"/>
</kw>
<status status="NOT RUN" starttime="20230226 22:51:54.618" endtime="20230226 22:51:54.618"/>
</branch>
<branch type="ELSE">
<kw name="Launch Application On Local Device" library="app_launcher">
<arg>${phone}</arg>
<kw name="Start Appium Server" library="Common">
<arg>${phone}</arg>
<kw name="Print Message" library="utils">
<arg>Starting Appium Server on port ${phone.port}</arg>
<kw name="Run Keyword If" library="BuiltIn">
<arg>"${log_level}" == "DEBUG"</arg>
<arg>compose message with timestamp</arg>
<arg>${msg}</arg>
<doc>Runs the given keyword with the given arguments, if ``condition`` is true.</doc>
<kw name="compose message with timestamp" library="utils">
<arg>${msg}</arg>
<kw name="Get Current Date" library="DateTime">
<var>${time}</var>
<arg>result_format=datetime</arg>
<doc>Returns current local or UTC time with an optional increment.</doc>
<msg timestamp="20230226 22:51:54.621" level="INFO">${time} = 2023-02-26 22:51:54.621017</msg>
<status status="PASS" starttime="20230226 22:51:54.621" endtime="20230226 22:51:54.621"/>
</kw>
<kw name="Log To Console" library="BuiltIn">
<arg>${\n}${time}***** ${msg} *****</arg>
<doc>Logs the given message to the console.</doc>
<status status="PASS" starttime="20230226 22:51:54.621" endtime="20230226 22:51:54.622"/>
</kw>
<status status="PASS" starttime="20230226 22:51:54.621" endtime="20230226 22:51:54.622"/>
</kw>
<status status="PASS" starttime="20230226 22:51:54.620" endtime="20230226 22:51:54.622"/>
</kw>
<status status="PASS" starttime="20230226 22:51:54.619" endtime="20230226 22:51:54.622"/>
</kw>
<kw name="Start Process" library="Process">
<arg>${start_appium_cmd} ${phone.port}</arg>
<arg>shell=True</arg>
<arg>alias=appiumserver</arg>
<arg>stdout=${stdout_file}</arg>
<arg>stderr=${stderror_file}</arg>
<doc>Starts a new process on background.</doc>
<msg timestamp="20230226 22:51:54.626" level="INFO">Starting process:
/usr/local/bin/appium -a 127.0.0.1 -p 4724</msg>
<msg timestamp="20230226 22:51:54.626" level="DEBUG">Process configuration:
cwd:     /Volumes/bipin/macbkp/project
shell:   True
stdout:  /Volumes/bipin/macbkp/project/Report/appium_stdout.txt
stderr:  /Volumes/bipin/macbkp/project/Report/appium_stdout.txt
stdin:   PIPE
alias:   appiumserver
env:     None</msg>
<status status="PASS" starttime="20230226 22:51:54.622" endtime="20230226 22:51:54.631"/>
</kw>
<kw name="Process Should Be Running" library="Process">
<arg>appiumserver</arg>
<doc>Verifies that the process is running.</doc>
<status status="PASS" starttime="20230226 22:51:54.632" endtime="20230226 22:51:54.632"/>
</kw>
<kw name="Sleep" library="BuiltIn">
<arg>5s</arg>
<doc>Pauses the test executed for the given time.</doc>
<msg timestamp="20230226 22:51:59.635" level="INFO">Slept 5 seconds</msg>
<status status="PASS" starttime="20230226 22:51:54.633" endtime="20230226 22:51:59.635"/>
</kw>
<status status="PASS" starttime="20230226 22:51:54.619" endtime="20230226 22:51:59.636"/>
</kw>
<kw name="Open Application" library="AppiumLibrary">
<arg>http://127.0.0.1:${phone.port}/wd/hub</arg>
<arg>alias=${phone.name}</arg>
<arg>deviceName=${phone.name}</arg>
<arg>platformName=${phone.platformName}</arg>
<arg>platformVersion=${phone.version}</arg>
<arg>appActivity=${apk_info.activity}</arg>
<arg>appPackage=${apk_info.pkg}</arg>
<arg>noReset=${no_reset}</arg>
<arg>newCommandTimeout=600</arg>
<arg>automationName=UiAutomator2</arg>
<arg>unicodeKeyboard=true</arg>
<arg>resetKeyboard=true</arg>
<doc>Opens a new application to given Appium server.
Capabilities of appium server, Android and iOS,
Please check https://github.com/appium/appium/blob/master/docs/en/writing-running-appium/server-args.md
| *Option*            | *Man.* | *Description*     |
| remote_url          | Yes    | Appium server url |
| alias               | no     | alias             |</doc>
<msg timestamp="20230226 22:51:59.645" level="DEBUG">POST http://127.0.0.1:4724/wd/hub/session {"capabilities": {"firstMatch": [{"appium:deviceName": "F62", "platformName": "android", "appium:platformVersion": "13", "appium:appActivity": "com.whatsapp.HomeActivity", "appium:appPackage": "com.whatsapp", "appium:noReset": "true", "appium:newCommandTimeout": "600", "appium:automationName": "UiAutomator2", "appium:unicodeKeyboard": "true", "appium:resetKeyboard": "true"}]}, "desiredCapabilities": {"deviceName": "F62", "platformName": "android", "platformVersion": "13", "appActivity": "com.whatsapp.HomeActivity", "appPackage": "com.whatsapp", "noReset": "true", "newCommandTimeout": "600", "automationName": "UiAutomator2", "unicodeKeyboard": "true", "resetKeyboard": "true"}}</msg>
<msg timestamp="20230226 22:51:59.645" level="DEBUG">Starting new HTTP connection (1): 127.0.0.1:4724</msg>
<msg timestamp="20230226 22:52:05.854" level="DEBUG">http://127.0.0.1:4724 "POST /wd/hub/session HTTP/1.1" 500 1565</msg>
<msg timestamp="20230226 22:52:05.854" level="DEBUG">Finished Request</msg>
<kw name="Capture Page Screenshot" library="AppiumLibrary">
<doc>Takes a screenshot of the current page and embeds it into the log.</doc>
<msg timestamp="20230226 22:52:05.856" level="DEBUG">GET http://127.0.0.1:4723/wd/hub/session/2aac8fc0-a086-4178-98f6-71e2fc3dc02f/screenshot {}</msg>
<msg timestamp="20230226 22:52:06.562" level="DEBUG">http://127.0.0.1:4723 "GET /wd/hub/session/2aac8fc0-a086-4178-98f6-71e2fc3dc02f/screenshot HTTP/1.1" 200 131668</msg>
<msg timestamp="20230226 22:52:06.564" level="DEBUG">Finished Request</msg>
<msg timestamp="20230226 22:52:06.567" level="INFO" html="true">&lt;/td&gt;&lt;/tr&gt;&lt;tr&gt;&lt;td colspan="3"&gt;&lt;a href="appium-screenshot-1.png"&gt;&lt;img src="appium-screenshot-1.png" width="800px"&gt;&lt;/a&gt;</msg>
<status status="PASS" starttime="20230226 22:52:05.855" endtime="20230226 22:52:06.567"/>
</kw>
<msg timestamp="20230226 22:52:06.568" level="FAIL">WebDriverException: Message: An unknown server-side error occurred while processing the command. Original error: Cannot start the 'com.whatsapp' application. Visit https://github.com/appium/appium/blob/master/docs/en/writing-running-appium/android/activity-startup.md for troubleshooting. Original error: Cannot start the 'com.whatsapp' application. Visit https://github.com/appium/appium/blob/master/docs/en/writing-running-appium/android/activity-startup.md for troubleshooting. Original error: Activity name '.com.whatsapp.HomeActivity' used to start the app doesn't exist or cannot be launched! Make sure it exists and is a launchable activity
</msg>
<msg timestamp="20230226 22:52:06.573" level="DEBUG">Traceback (most recent call last):
  File "&lt;decorator-gen-36&gt;", line 2, in open_application
  File "/Users/bipinsengar/.pyenv/versions/3.8.5/lib/python3.8/site-packages/AppiumLibrary/keywords/keywordgroup.py", line 21, in _run_on_failure_decorator
    raise err
  File "/Users/bipinsengar/.pyenv/versions/3.8.5/lib/python3.8/site-packages/AppiumLibrary/keywords/keywordgroup.py", line 16, in _run_on_failure_decorator
    return method(*args, **kwargs)
  File "/Users/bipinsengar/.pyenv/versions/3.8.5/lib/python3.8/site-packages/AppiumLibrary/keywords/_applicationmanagement.py", line 52, in open_application
    application = webdriver.Remote(str(remote_url), desired_caps)
  File "/Users/bipinsengar/.pyenv/versions/3.8.5/lib/python3.8/site-packages/appium/webdriver/webdriver.py", line 151, in __init__
    super().__init__(
  File "/Users/bipinsengar/.pyenv/versions/3.8.5/lib/python3.8/site-packages/selenium/webdriver/remote/webdriver.py", line 157, in __init__
    self.start_session(capabilities, browser_profile)
  File "/Users/bipinsengar/.pyenv/versions/3.8.5/lib/python3.8/site-packages/appium/webdriver/webdriver.py", line 225, in start_session
    response = self.execute(RemoteCommand.NEW_SESSION, parameters)
  File "/Users/bipinsengar/.pyenv/versions/3.8.5/lib/python3.8/site-packages/selenium/webdriver/remote/webdriver.py", line 321, in execute
    self.error_handler.check_response(response)
  File "/Users/bipinsengar/.pyenv/versions/3.8.5/lib/python3.8/site-packages/selenium/webdriver/remote/errorhandler.py", line 242, in check_response
    raise exception_class(message, screen, stacktrace)
selenium.common.exceptions.WebDriverException: Message: An unknown server-side error occurred while processing the command. Original error: Cannot start the 'com.whatsapp' application. Visit https://github.com/appium/appium/blob/master/docs/en/writing-running-appium/android/activity-startup.md for troubleshooting. Original error: Cannot start the 'com.whatsapp' application. Visit https://github.com/appium/appium/blob/master/docs/en/writing-running-appium/android/activity-startup.md for troubleshooting. Original error: Activity name '.com.whatsapp.HomeActivity' used to start the app doesn't exist or cannot be launched! Make sure it exists and is a launchable activity</msg>
<status status="FAIL" starttime="20230226 22:51:59.636" endtime="20230226 22:52:06.573"/>
</kw>
<status status="FAIL" starttime="20230226 22:51:54.619" endtime="20230226 22:52:06.574"/>
</kw>
<status status="FAIL" starttime="20230226 22:51:54.619" endtime="20230226 22:52:06.575"/>
</branch>
<status status="FAIL" starttime="20230226 22:51:54.618" endtime="20230226 22:52:06.575"/>
</if>
<status status="FAIL" starttime="20230226 22:51:54.614" endtime="20230226 22:52:06.575"/>
</kw>
<status status="FAIL" starttime="20230226 22:51:40.194" endtime="20230226 22:52:06.576"/>
</kw>
<test id="s1-t1" name="WA_001_Make a video call from app" line="10">
<doc>This TC make a video call from Calls tab</doc>
<tag>cloud</tag>
<tag>regression</tag>
<tag>smoke</tag>
<tag>videocall</tag>
<status status="FAIL" starttime="20230226 22:52:06.576" endtime="20230226 22:52:06.577">Parent suite setup failed:
WebDriverException: Message: An unknown server-side error occurred while processing the command. Original error: Cannot start the 'com.whatsapp' application. Visit https://github.com/appium/appium/blob/master/docs/en/writing-running-appium/android/activity-startup.md for troubleshooting. Original error: Cannot start the 'com.whatsapp' application. Visit https://github.com/appium/appium/blob/master/docs/en/writing-running-appium/android/activity-startup.md for troubleshooting. Original error: Activity name '.com.whatsapp.HomeActivity' used to start the app doesn't exist or cannot be launched! Make sure it exists and is a launchable activity
</status>
</test>
<test id="s1-t2" name="WA_002_Receive a video call from app" line="18">
<doc>This TC make a video call from Calls tab</doc>
<tag>cloud</tag>
<tag>regression</tag>
<tag>smoke</tag>
<tag>videocall</tag>
<status status="FAIL" starttime="20230226 22:52:06.578" endtime="20230226 22:52:06.578">Parent suite setup failed:
WebDriverException: Message: An unknown server-side error occurred while processing the command. Original error: Cannot start the 'com.whatsapp' application. Visit https://github.com/appium/appium/blob/master/docs/en/writing-running-appium/android/activity-startup.md for troubleshooting. Original error: Cannot start the 'com.whatsapp' application. Visit https://github.com/appium/appium/blob/master/docs/en/writing-running-appium/android/activity-startup.md for troubleshooting. Original error: Activity name '.com.whatsapp.HomeActivity' used to start the app doesn't exist or cannot be launched! Make sure it exists and is a launchable activity
</status>
</test>
<kw name="End Mobile Test" library="Common" type="TEARDOWN">
<kw name="Print Message" library="utils">
<arg>Closing all application</arg>
<kw name="Run Keyword If" library="BuiltIn">
<arg>"${log_level}" == "DEBUG"</arg>
<arg>compose message with timestamp</arg>
<arg>${msg}</arg>
<doc>Runs the given keyword with the given arguments, if ``condition`` is true.</doc>
<kw name="compose message with timestamp" library="utils">
<arg>${msg}</arg>
<kw name="Get Current Date" library="DateTime">
<var>${time}</var>
<arg>result_format=datetime</arg>
<doc>Returns current local or UTC time with an optional increment.</doc>
<msg timestamp="20230226 22:52:06.581" level="INFO">${time} = 2023-02-26 22:52:06.580729</msg>
<status status="PASS" starttime="20230226 22:52:06.580" endtime="20230226 22:52:06.581"/>
</kw>
<kw name="Log To Console" library="BuiltIn">
<arg>${\n}${time}***** ${msg} *****</arg>
<doc>Logs the given message to the console.</doc>
<status status="PASS" starttime="20230226 22:52:06.581" endtime="20230226 22:52:06.581"/>
</kw>
<status status="PASS" starttime="20230226 22:52:06.580" endtime="20230226 22:52:06.582"/>
</kw>
<status status="PASS" starttime="20230226 22:52:06.580" endtime="20230226 22:52:06.582"/>
</kw>
<status status="PASS" starttime="20230226 22:52:06.579" endtime="20230226 22:52:06.582"/>
</kw>
<kw name="Run Keyword And Ignore Error" library="BuiltIn">
<arg>close all applications</arg>
<doc>Runs the given keyword with the given arguments and ignores possible error.</doc>
<kw name="Close All Applications" library="AppiumLibrary">
<doc>Closes all open applications.</doc>
<msg timestamp="20230226 22:52:06.584" level="DEBUG">Closing all applications</msg>
<msg timestamp="20230226 22:52:06.584" level="DEBUG">DELETE http://127.0.0.1:4723/wd/hub/session/2aac8fc0-a086-4178-98f6-71e2fc3dc02f {}</msg>
<msg timestamp="20230226 22:52:07.232" level="DEBUG">http://127.0.0.1:4723 "DELETE /wd/hub/session/2aac8fc0-a086-4178-98f6-71e2fc3dc02f HTTP/1.1" 200 14</msg>
<msg timestamp="20230226 22:52:07.232" level="DEBUG">Finished Request</msg>
<status status="PASS" starttime="20230226 22:52:06.582" endtime="20230226 22:52:07.233"/>
</kw>
<status status="PASS" starttime="20230226 22:52:06.582" endtime="20230226 22:52:07.233"/>
</kw>
<if>
<branch type="IF" condition="'${setup}' == 'cloud_env'">
<kw name="Log" library="BuiltIn">
<arg>running tests on Lambda</arg>
<doc>Logs the given message with the given level.</doc>
<status status="NOT RUN" starttime="20230226 22:52:07.233" endtime="20230226 22:52:07.233"/>
</kw>
<status status="NOT RUN" starttime="20230226 22:52:07.233" endtime="20230226 22:52:07.233"/>
</branch>
<branch type="ELSE">
<kw name="Stop Appium Server" library="Common">
<kw name="Print Message" library="utils">
<arg>Killing Appium server</arg>
<kw name="Run Keyword If" library="BuiltIn">
<arg>"${log_level}" == "DEBUG"</arg>
<arg>compose message with timestamp</arg>
<arg>${msg}</arg>
<doc>Runs the given keyword with the given arguments, if ``condition`` is true.</doc>
<kw name="compose message with timestamp" library="utils">
<arg>${msg}</arg>
<kw name="Get Current Date" library="DateTime">
<var>${time}</var>
<arg>result_format=datetime</arg>
<doc>Returns current local or UTC time with an optional increment.</doc>
<msg timestamp="20230226 22:52:07.235" level="INFO">${time} = 2023-02-26 22:52:07.234670</msg>
<status status="PASS" starttime="20230226 22:52:07.234" endtime="20230226 22:52:07.235"/>
</kw>
<kw name="Log To Console" library="BuiltIn">
<arg>${\n}${time}***** ${msg} *****</arg>
<doc>Logs the given message to the console.</doc>
<status status="PASS" starttime="20230226 22:52:07.235" endtime="20230226 22:52:07.235"/>
</kw>
<status status="PASS" starttime="20230226 22:52:07.234" endtime="20230226 22:52:07.235"/>
</kw>
<status status="PASS" starttime="20230226 22:52:07.234" endtime="20230226 22:52:07.235"/>
</kw>
<status status="PASS" starttime="20230226 22:52:07.234" endtime="20230226 22:52:07.236"/>
</kw>
<kw name="Start Process" library="Process">
<arg>${kill_appium_cmd}</arg>
<arg>shell=True</arg>
<arg>stdout=${stdout_file}</arg>
<arg>stderr=${stderror_file}</arg>
<doc>Starts a new process on background.</doc>
<msg timestamp="20230226 22:52:07.237" level="INFO">Starting process:
ps -aef|grep appium|grep -v grep|awk '{print $2}'|xargs kill -9</msg>
<msg timestamp="20230226 22:52:07.238" level="DEBUG">Process configuration:
cwd:     /Volumes/bipin/macbkp/project
shell:   True
stdout:  /Volumes/bipin/macbkp/project/Report/appium_stdout.txt
stderr:  /Volumes/bipin/macbkp/project/Report/appium_stdout.txt
stdin:   PIPE
alias:   None
env:     None</msg>
<status status="PASS" starttime="20230226 22:52:07.236" endtime="20230226 22:52:07.242"/>
</kw>
<status status="PASS" starttime="20230226 22:52:07.233" endtime="20230226 22:52:07.243"/>
</kw>
<status status="PASS" starttime="20230226 22:52:07.233" endtime="20230226 22:52:07.243"/>
</branch>
<status status="PASS" starttime="20230226 22:52:07.233" endtime="20230226 22:52:07.243"/>
</if>
<status status="PASS" starttime="20230226 22:52:06.579" endtime="20230226 22:52:07.243"/>
</kw>
<status status="FAIL" starttime="20230226 22:51:39.863" endtime="20230226 22:52:07.244">Suite setup failed:
WebDriverException: Message: An unknown server-side error occurred while processing the command. Original error: Cannot start the 'com.whatsapp' application. Visit https://github.com/appium/appium/blob/master/docs/en/writing-running-appium/android/activity-startup.md for troubleshooting. Original error: Cannot start the 'com.whatsapp' application. Visit https://github.com/appium/appium/blob/master/docs/en/writing-running-appium/android/activity-startup.md for troubleshooting. Original error: Activity name '.com.whatsapp.HomeActivity' used to start the app doesn't exist or cannot be launched! Make sure it exists and is a launchable activity
</status>
</suite>
<statistics>
<total>
<stat pass="0" fail="2" skip="0">All Tests</stat>
</total>
<tag>
<stat pass="0" fail="2" skip="0">cloud</stat>
<stat pass="0" fail="2" skip="0">regression</stat>
<stat pass="0" fail="2" skip="0">smoke</stat>
<stat pass="0" fail="2" skip="0">videocall</stat>
</tag>
<suite>
<stat pass="0" fail="2" skip="0" id="s1" name="Whatsapp VideoCall">Whatsapp VideoCall</stat>
</suite>
</statistics>
<errors>
</errors>
</robot>
