<?xml version="1.0" encoding="UTF-8"?>
<robot generator="Robot 5.0.1 (Python 3.8.5 on darwin)" generated="20230226 22:14:18.715" rpa="false" schemaversion="3">
<suite id="s1" name="Whatsapp VideoCall" source="/Volumes/bipin/macbkp/project/Features/Whatsapp_VideoCall.robot">
<kw name="Begin 2 Mobiles for Test" library="Common" type="SETUP">
<arg>${D2}</arg>
<arg>${D1}</arg>
<doc>Its setup keyowrd which take phone argument. Default variables are taken from
properties file.</doc>
<kw name="start apps" library="Common">
<arg>${device1}</arg>
<kw name="Print Message" library="utils">
<arg>Launching App freshly on ${phone.name} ${phone.version}</arg>
<kw name="Run Keyword If" library="BuiltIn">
<arg>"${log_level}" == "DEBUG"</arg>
<arg>compose message with timestamp</arg>
<arg>${msg}</arg>
<doc>Runs the given keyword with the given arguments, if ``condition`` is true.</doc>
<kw name="compose message with timestamp" library="utils">
<arg>${msg}</arg>
<kw name="Get Current Date" library="DateTime">
<var>${time}</var>
<arg>result_format=datetime</arg>
<doc>Returns current local or UTC time with an optional increment.</doc>
<msg timestamp="20230226 22:14:19.179" level="INFO">${time} = 2023-02-26 22:14:19.178867</msg>
<status status="PASS" starttime="20230226 22:14:19.179" endtime="20230226 22:14:19.179"/>
</kw>
<kw name="Log To Console" library="BuiltIn">
<arg>${\n}${time}***** ${msg} *****</arg>
<doc>Logs the given message to the console.</doc>
<status status="PASS" starttime="20230226 22:14:19.179" endtime="20230226 22:14:19.179"/>
</kw>
<status status="PASS" starttime="20230226 22:14:19.178" endtime="20230226 22:14:19.180"/>
</kw>
<status status="PASS" starttime="20230226 22:14:19.178" endtime="20230226 22:14:19.180"/>
</kw>
<status status="PASS" starttime="20230226 22:14:19.177" endtime="20230226 22:14:19.180"/>
</kw>
<if>
<branch type="IF" condition="'${setup}' == 'cloud_env'">
<kw name="Launch Application On LambdaTest" library="app_launcher">
<arg>${phone}</arg>
<status status="NOT RUN" starttime="20230226 22:14:19.180" endtime="20230226 22:14:19.180"/>
</kw>
<status status="NOT RUN" starttime="20230226 22:14:19.180" endtime="20230226 22:14:19.180"/>
</branch>
<branch type="ELSE">
<kw name="Launch Application On Local Device" library="app_launcher">
<arg>${phone}</arg>
<kw name="Start Appium Server" library="Common">
<arg>${phone}</arg>
<kw name="Print Message" library="utils">
<arg>Starting Appium Server on port ${phone.port}</arg>
<kw name="Run Keyword If" library="BuiltIn">
<arg>"${log_level}" == "DEBUG"</arg>
<arg>compose message with timestamp</arg>
<arg>${msg}</arg>
<doc>Runs the given keyword with the given arguments, if ``condition`` is true.</doc>
<kw name="compose message with timestamp" library="utils">
<arg>${msg}</arg>
<kw name="Get Current Date" library="DateTime">
<var>${time}</var>
<arg>result_format=datetime</arg>
<doc>Returns current local or UTC time with an optional increment.</doc>
<msg timestamp="20230226 22:14:19.182" level="INFO">${time} = 2023-02-26 22:14:19.182260</msg>
<status status="PASS" starttime="20230226 22:14:19.182" endtime="20230226 22:14:19.182"/>
</kw>
<kw name="Log To Console" library="BuiltIn">
<arg>${\n}${time}***** ${msg} *****</arg>
<doc>Logs the given message to the console.</doc>
<status status="PASS" starttime="20230226 22:14:19.182" endtime="20230226 22:14:19.183"/>
</kw>
<status status="PASS" starttime="20230226 22:14:19.182" endtime="20230226 22:14:19.183"/>
</kw>
<status status="PASS" starttime="20230226 22:14:19.182" endtime="20230226 22:14:19.183"/>
</kw>
<status status="PASS" starttime="20230226 22:14:19.181" endtime="20230226 22:14:19.183"/>
</kw>
<kw name="Start Process" library="Process">
<arg>${start_appium_cmd} ${phone.port}</arg>
<arg>shell=True</arg>
<arg>alias=appiumserver</arg>
<arg>stdout=${stdout_file}</arg>
<arg>stderr=${stderror_file}</arg>
<doc>Starts a new process on background.</doc>
<msg timestamp="20230226 22:14:19.185" level="INFO">Starting process:
/usr/local/bin/appium -a 127.0.0.1 -p 4723</msg>
<msg timestamp="20230226 22:14:19.185" level="DEBUG">Process configuration:
cwd:     /Volumes/bipin/macbkp/project
shell:   True
stdout:  /Volumes/bipin/macbkp/project/Report/appium_stdout.txt
stderr:  /Volumes/bipin/macbkp/project/Report/appium_stdout.txt
stdin:   PIPE
alias:   appiumserver
env:     None</msg>
<status status="PASS" starttime="20230226 22:14:19.183" endtime="20230226 22:14:19.190"/>
</kw>
<kw name="Process Should Be Running" library="Process">
<arg>appiumserver</arg>
<doc>Verifies that the process is running.</doc>
<status status="PASS" starttime="20230226 22:14:19.191" endtime="20230226 22:14:19.191"/>
</kw>
<kw name="Sleep" library="BuiltIn">
<arg>5s</arg>
<doc>Pauses the test executed for the given time.</doc>
<msg timestamp="20230226 22:14:24.192" level="INFO">Slept 5 seconds</msg>
<status status="PASS" starttime="20230226 22:14:19.191" endtime="20230226 22:14:24.192"/>
</kw>
<status status="PASS" starttime="20230226 22:14:19.181" endtime="20230226 22:14:24.193"/>
</kw>
<kw name="Open Application" library="AppiumLibrary">
<arg>http://127.0.0.1:${phone.port}/wd/hub</arg>
<arg>alias=${phone.name}</arg>
<arg>deviceName=${phone.name}</arg>
<arg>udid=${phone.udid}</arg>
<arg>platformName=${phone.platformName}</arg>
<arg>platformVersion=${phone.version}</arg>
<arg>appActivity=${apk_info.activity}</arg>
<arg>appPackage=${apk_info.pkg}</arg>
<arg>noReset=${no_reset}</arg>
<arg>newCommandTimeout=600</arg>
<arg>automationName=UiAutomator2</arg>
<arg>unicodeKeyboard=true</arg>
<arg>resetKeyboard=true</arg>
<doc>Opens a new application to given Appium server.
Capabilities of appium server, Android and iOS,
Please check https://github.com/appium/appium/blob/master/docs/en/writing-running-appium/server-args.md
| *Option*            | *Man.* | *Description*     |
| remote_url          | Yes    | Appium server url |
| alias               | no     | alias             |</doc>
<msg timestamp="20230226 22:14:24.215" level="DEBUG">POST http://127.0.0.1:4723/wd/hub/session {"capabilities": {"firstMatch": [{"appium:deviceName": "A20", "appium:udid": "192.168.29.3:5557", "platformName": "android", "appium:platformVersion": "11", "appium:appActivity": "com.whatsapp.HomeActivity", "appium:appPackage": "com.whatsapp", "appium:noReset": "true", "appium:newCommandTimeout": "600", "appium:automationName": "UiAutomator2", "appium:unicodeKeyboard": "true", "appium:resetKeyboard": "true"}]}, "desiredCapabilities": {"deviceName": "A20", "udid": "192.168.29.3:5557", "platformName": "android", "platformVersion": "11", "appActivity": "com.whatsapp.HomeActivity", "appPackage": "com.whatsapp", "noReset": "true", "newCommandTimeout": "600", "automationName": "UiAutomator2", "unicodeKeyboard": "true", "resetKeyboard": "true"}}</msg>
<msg timestamp="20230226 22:14:24.216" level="DEBUG">Starting new HTTP connection (1): 127.0.0.1:4723</msg>
<msg timestamp="20230226 22:14:59.293" level="DEBUG">http://127.0.0.1:4723 "POST /wd/hub/session HTTP/1.1" 200 1120</msg>
<msg timestamp="20230226 22:14:59.295" level="DEBUG">Finished Request</msg>
<msg timestamp="20230226 22:14:59.297" level="DEBUG">Opened application with session id 56dc036a-e3cc-4642-8f76-ba00f4f35c4a</msg>
<status status="PASS" starttime="20230226 22:14:24.193" endtime="20230226 22:14:59.297"/>
</kw>
<status status="PASS" starttime="20230226 22:14:19.180" endtime="20230226 22:14:59.297"/>
</kw>
<status status="PASS" starttime="20230226 22:14:19.180" endtime="20230226 22:14:59.297"/>
</branch>
<status status="PASS" starttime="20230226 22:14:19.180" endtime="20230226 22:14:59.297"/>
</if>
<status status="PASS" starttime="20230226 22:14:19.177" endtime="20230226 22:14:59.297"/>
</kw>
<kw name="retry" library="utils">
<arg>Check login state and perform login if not already</arg>
<arg>${first}</arg>
<msg timestamp="20230226 22:14:59.299" level="FAIL">Variable '${first}' not found.</msg>
<status status="FAIL" starttime="20230226 22:14:59.297" endtime="20230226 22:14:59.299"/>
</kw>
<kw name="start apps" library="Common">
<arg>${device2}</arg>
<status status="NOT RUN" starttime="20230226 22:14:59.299" endtime="20230226 22:14:59.299"/>
</kw>
<kw name="retry" library="utils">
<arg>Check login state and perform login if not already</arg>
<arg>${second}</arg>
<status status="NOT RUN" starttime="20230226 22:14:59.299" endtime="20230226 22:14:59.299"/>
</kw>
<status status="FAIL" starttime="20230226 22:14:19.176" endtime="20230226 22:14:59.300"/>
</kw>
<test id="s1-t1" name="WA_001_Make a video call from app" line="10">
<doc>This TC make a video call from Calls tab</doc>
<tag>cloud</tag>
<tag>regression</tag>
<tag>smoke</tag>
<tag>videocall</tag>
<status status="FAIL" starttime="20230226 22:14:59.300" endtime="20230226 22:14:59.301">Parent suite setup failed:
Variable '${first}' not found.</status>
</test>
<test id="s1-t2" name="WA_002_Receive a video call from app" line="18">
<doc>This TC make a video call from Calls tab</doc>
<tag>cloud</tag>
<tag>regression</tag>
<tag>smoke</tag>
<tag>videocall</tag>
<status status="FAIL" starttime="20230226 22:14:59.301" endtime="20230226 22:14:59.302">Parent suite setup failed:
Variable '${first}' not found.</status>
</test>
<kw name="End Mobile Test" library="Common" type="TEARDOWN">
<kw name="Print Message" library="utils">
<arg>Closing all application</arg>
<kw name="Run Keyword If" library="BuiltIn">
<arg>"${log_level}" == "DEBUG"</arg>
<arg>compose message with timestamp</arg>
<arg>${msg}</arg>
<doc>Runs the given keyword with the given arguments, if ``condition`` is true.</doc>
<kw name="compose message with timestamp" library="utils">
<arg>${msg}</arg>
<kw name="Get Current Date" library="DateTime">
<var>${time}</var>
<arg>result_format=datetime</arg>
<doc>Returns current local or UTC time with an optional increment.</doc>
<msg timestamp="20230226 22:14:59.304" level="INFO">${time} = 2023-02-26 22:14:59.303932</msg>
<status status="PASS" starttime="20230226 22:14:59.304" endtime="20230226 22:14:59.304"/>
</kw>
<kw name="Log To Console" library="BuiltIn">
<arg>${\n}${time}***** ${msg} *****</arg>
<doc>Logs the given message to the console.</doc>
<status status="PASS" starttime="20230226 22:14:59.304" endtime="20230226 22:14:59.305"/>
</kw>
<status status="PASS" starttime="20230226 22:14:59.303" endtime="20230226 22:14:59.305"/>
</kw>
<status status="PASS" starttime="20230226 22:14:59.303" endtime="20230226 22:14:59.305"/>
</kw>
<status status="PASS" starttime="20230226 22:14:59.303" endtime="20230226 22:14:59.305"/>
</kw>
<kw name="Run Keyword And Ignore Error" library="BuiltIn">
<arg>close all applications</arg>
<doc>Runs the given keyword with the given arguments and ignores possible error.</doc>
<kw name="Close All Applications" library="AppiumLibrary">
<doc>Closes all open applications.</doc>
<msg timestamp="20230226 22:14:59.307" level="DEBUG">Closing all applications</msg>
<msg timestamp="20230226 22:14:59.307" level="DEBUG">DELETE http://127.0.0.1:4723/wd/hub/session/56dc036a-e3cc-4642-8f76-ba00f4f35c4a {}</msg>
<msg timestamp="20230226 22:15:00.235" level="DEBUG">http://127.0.0.1:4723 "DELETE /wd/hub/session/56dc036a-e3cc-4642-8f76-ba00f4f35c4a HTTP/1.1" 200 14</msg>
<msg timestamp="20230226 22:15:00.236" level="DEBUG">Finished Request</msg>
<status status="PASS" starttime="20230226 22:14:59.305" endtime="20230226 22:15:00.236"/>
</kw>
<status status="PASS" starttime="20230226 22:14:59.305" endtime="20230226 22:15:00.236"/>
</kw>
<if>
<branch type="IF" condition="'${setup}' == 'cloud_env'">
<kw name="Log" library="BuiltIn">
<arg>running tests on Lambda</arg>
<doc>Logs the given message with the given level.</doc>
<status status="NOT RUN" starttime="20230226 22:15:00.236" endtime="20230226 22:15:00.236"/>
</kw>
<status status="NOT RUN" starttime="20230226 22:15:00.236" endtime="20230226 22:15:00.236"/>
</branch>
<branch type="ELSE">
<kw name="Stop Appium Server" library="Common">
<kw name="Print Message" library="utils">
<arg>Killing Appium server</arg>
<kw name="Run Keyword If" library="BuiltIn">
<arg>"${log_level}" == "DEBUG"</arg>
<arg>compose message with timestamp</arg>
<arg>${msg}</arg>
<doc>Runs the given keyword with the given arguments, if ``condition`` is true.</doc>
<kw name="compose message with timestamp" library="utils">
<arg>${msg}</arg>
<kw name="Get Current Date" library="DateTime">
<var>${time}</var>
<arg>result_format=datetime</arg>
<doc>Returns current local or UTC time with an optional increment.</doc>
<msg timestamp="20230226 22:15:00.238" level="INFO">${time} = 2023-02-26 22:15:00.237769</msg>
<status status="PASS" starttime="20230226 22:15:00.238" endtime="20230226 22:15:00.238"/>
</kw>
<kw name="Log To Console" library="BuiltIn">
<arg>${\n}${time}***** ${msg} *****</arg>
<doc>Logs the given message to the console.</doc>
<status status="PASS" starttime="20230226 22:15:00.238" endtime="20230226 22:15:00.238"/>
</kw>
<status status="PASS" starttime="20230226 22:15:00.237" endtime="20230226 22:15:00.238"/>
</kw>
<status status="PASS" starttime="20230226 22:15:00.237" endtime="20230226 22:15:00.238"/>
</kw>
<status status="PASS" starttime="20230226 22:15:00.237" endtime="20230226 22:15:00.239"/>
</kw>
<kw name="Start Process" library="Process">
<arg>${kill_appium_cmd}</arg>
<arg>shell=True</arg>
<arg>stdout=${stdout_file}</arg>
<arg>stderr=${stderror_file}</arg>
<doc>Starts a new process on background.</doc>
<msg timestamp="20230226 22:15:00.242" level="INFO">Starting process:
ps -aef|grep appium|grep -v grep|awk '{print $2}'|xargs kill -9</msg>
<msg timestamp="20230226 22:15:00.242" level="DEBUG">Process configuration:
cwd:     /Volumes/bipin/macbkp/project
shell:   True
stdout:  /Volumes/bipin/macbkp/project/Report/appium_stdout.txt
stderr:  /Volumes/bipin/macbkp/project/Report/appium_stdout.txt
stdin:   PIPE
alias:   None
env:     None</msg>
<status status="PASS" starttime="20230226 22:15:00.239" endtime="20230226 22:15:00.247"/>
</kw>
<status status="PASS" starttime="20230226 22:15:00.236" endtime="20230226 22:15:00.248"/>
</kw>
<status status="PASS" starttime="20230226 22:15:00.236" endtime="20230226 22:15:00.248"/>
</branch>
<status status="PASS" starttime="20230226 22:15:00.236" endtime="20230226 22:15:00.248"/>
</if>
<status status="PASS" starttime="20230226 22:14:59.303" endtime="20230226 22:15:00.248"/>
</kw>
<status status="FAIL" starttime="20230226 22:14:18.718" endtime="20230226 22:15:00.248">Suite setup failed:
Variable '${first}' not found.</status>
</suite>
<statistics>
<total>
<stat pass="0" fail="2" skip="0">All Tests</stat>
</total>
<tag>
<stat pass="0" fail="2" skip="0">cloud</stat>
<stat pass="0" fail="2" skip="0">regression</stat>
<stat pass="0" fail="2" skip="0">smoke</stat>
<stat pass="0" fail="2" skip="0">videocall</stat>
</tag>
<suite>
<stat pass="0" fail="2" skip="0" id="s1" name="Whatsapp VideoCall">Whatsapp VideoCall</stat>
</suite>
</statistics>
<errors>
</errors>
</robot>
